# JRE version: Java(TM) SE Runtime Environment (8.0_291-b10) (build 1.8.0_291-b10)
# Java VM: Java HotSpot(TM) 64-Bit Server VM (25.291-b10 mixed mode windows-amd64 compressed oops)
Heap:
 PSYoungGen      total 143360K, used 43932K [0x00000000f5580000, 0x0000000100000000, 0x0000000100000000)
  eden space 124416K, 35% used [0x00000000f5580000,0x00000000f8067138,0x00000000fcf00000)
  from space 18944K, 0% used [0x00000000fed80000,0x00000000fed80000,0x0000000100000000)
  to   space 25088K, 0% used [0x00000000fcf00000,0x00000000fcf00000,0x00000000fe780000)
 ParOldGen       total 91136K, used 23052K [0x00000000e0000000, 0x00000000e5900000, 0x00000000f5580000)
  object space 91136K, 25% used [0x00000000e0000000,0x00000000e1683160,0x00000000e5900000)
 Metaspace       used 33593K, capacity 34784K, committed 34992K, reserved 1079296K
  class space    used 4487K, capacity 4764K, committed 4784K, reserved 1048576K
GC Heap History (10 events):
Event: 15.196 GC heap before
{Heap before GC invocations=8 (full 1):
 PSYoungGen      total 111616K, used 111408K [0x00000000f5580000, 0x00000000fe480000, 0x0000000100000000)
  eden space 105984K, 100% used [0x00000000f5580000,0x00000000fbd00000,0x00000000fbd00000)
  from space 5632K, 96% used [0x00000000fdf00000,0x00000000fe44c000,0x00000000fe480000)
  to   space 7680K, 0% used [0x00000000fd580000,0x00000000fd580000,0x00000000fdd00000)
 ParOldGen       total 54784K, used 6578K [0x00000000e0000000, 0x00000000e3580000, 0x00000000f5580000)
  object space 54784K, 12% used [0x00000000e0000000,0x00000000e066c8d8,0x00000000e3580000)
 Metaspace       used 31788K, capacity 32920K, committed 33072K, reserved 1077248K
  class space    used 4255K, capacity 4550K, committed 4656K, reserved 1048576K
Event: 15.204 GC heap after
Heap after GC invocations=8 (full 1):
 PSYoungGen      total 138752K, used 7652K [0x00000000f5580000, 0x0000000100000000, 0x0000000100000000)
  eden space 131072K, 0% used [0x00000000f5580000,0x00000000f5580000,0x00000000fd580000)
  from space 7680K, 99% used [0x00000000fd580000,0x00000000fdcf9340,0x00000000fdd00000)
  to   space 8704K, 0% used [0x00000000ff780000,0x00000000ff780000,0x0000000100000000)
 ParOldGen       total 54784K, used 7384K [0x00000000e0000000, 0x00000000e3580000, 0x00000000f5580000)
  object space 54784K, 13% used [0x00000000e0000000,0x00000000e0736288,0x00000000e3580000)
 Metaspace       used 31788K, capacity 32920K, committed 33072K, reserved 1077248K
  class space    used 4255K, capacity 4550K, committed 4656K, reserved 1048576K
}
Event: 15.642 GC heap before
{Heap before GC invocations=9 (full 1):
 PSYoungGen      total 138752K, used 138724K [0x00000000f5580000, 0x0000000100000000, 0x0000000100000000)
  eden space 131072K, 100% used [0x00000000f5580000,0x00000000fd580000,0x00000000fd580000)
  from space 7680K, 99% used [0x00000000fd580000,0x00000000fdcf9340,0x00000000fdd00000)
  to   space 8704K, 0% used [0x00000000ff780000,0x00000000ff780000,0x0000000100000000)
 ParOldGen       total 54784K, used 7384K [0x00000000e0000000, 0x00000000e3580000, 0x00000000f5580000)
  object space 54784K, 13% used [0x00000000e0000000,0x00000000e0736288,0x00000000e3580000)
 Metaspace       used 32786K, capacity 33952K, committed 34224K, reserved 1079296K
  class space    used 4386K, capacity 4680K, committed 4784K, reserved 1048576K
Event: 15.684 GC heap after
Heap after GC invocations=9 (full 1):
 PSYoungGen      total 145408K, used 8701K [0x00000000f5580000, 0x0000000100000000, 0x0000000100000000)
  eden space 136704K, 0% used [0x00000000f5580000,0x00000000f5580000,0x00000000fdb00000)
  from space 8704K, 99% used [0x00000000ff780000,0x00000000fffff500,0x0000000100000000)
  to   space 18944K, 0% used [0x00000000fdb00000,0x00000000fdb00000,0x00000000fed80000)
 ParOldGen       total 54784K, used 29021K [0x00000000e0000000, 0x00000000e3580000, 0x00000000f5580000)
  object space 54784K, 52% used [0x00000000e0000000,0x00000000e1c574c0,0x00000000e3580000)
 Metaspace       used 32786K, capacity 33952K, committed 34224K, reserved 1079296K
  class space    used 4386K, capacity 4680K, committed 4784K, reserved 1048576K
}
Event: 16.210 GC heap before
{Heap before GC invocations=10 (full 1):
 PSYoungGen      total 145408K, used 145405K [0x00000000f5580000, 0x0000000100000000, 0x0000000100000000)
  eden space 136704K, 100% used [0x00000000f5580000,0x00000000fdb00000,0x00000000fdb00000)
  from space 8704K, 99% used [0x00000000ff780000,0x00000000fffff500,0x0000000100000000)
  to   space 18944K, 0% used [0x00000000fdb00000,0x00000000fdb00000,0x00000000fed80000)
 ParOldGen       total 54784K, used 29021K [0x00000000e0000000, 0x00000000e3580000, 0x00000000f5580000)
  object space 54784K, 52% used [0x00000000e0000000,0x00000000e1c574c0,0x00000000e3580000)
 Metaspace       used 32853K, capacity 34016K, committed 34224K, reserved 1079296K
  class space    used 4393K, capacity 4680K, committed 4784K, reserved 1048576K
Event: 16.238 GC heap after
Heap after GC invocations=10 (full 1):
 PSYoungGen      total 155648K, used 18921K [0x00000000f5580000, 0x0000000100000000, 0x0000000100000000)
  eden space 136704K, 0% used [0x00000000f5580000,0x00000000f5580000,0x00000000fdb00000)
  from space 18944K, 99% used [0x00000000fdb00000,0x00000000fed7a530,0x00000000fed80000)
  to   space 18944K, 0% used [0x00000000fed80000,0x00000000fed80000,0x0000000100000000)
 ParOldGen       total 54784K, used 40333K [0x00000000e0000000, 0x00000000e3580000, 0x00000000f5580000)
  object space 54784K, 73% used [0x00000000e0000000,0x00000000e27636f0,0x00000000e3580000)
 Metaspace       used 32853K, capacity 34016K, committed 34224K, reserved 1079296K
  class space    used 4393K, capacity 4680K, committed 4784K, reserved 1048576K
}
Event: 16.774 GC heap before
{Heap before GC invocations=11 (full 1):
 PSYoungGen      total 155648K, used 155625K [0x00000000f5580000, 0x0000000100000000, 0x0000000100000000)
  eden space 136704K, 100% used [0x00000000f5580000,0x00000000fdb00000,0x00000000fdb00000)
  from space 18944K, 99% used [0x00000000fdb00000,0x00000000fed7a530,0x00000000fed80000)
  to   space 18944K, 0% used [0x00000000fed80000,0x00000000fed80000,0x0000000100000000)
 ParOldGen       total 54784K, used 40333K [0x00000000e0000000, 0x00000000e3580000, 0x00000000f5580000)
  object space 54784K, 73% used [0x00000000e0000000,0x00000000e27636f0,0x00000000e3580000)
 Metaspace       used 33119K, capacity 34314K, committed 34480K, reserved 1079296K
  class space    used 4417K, capacity 4691K, committed 4784K, reserved 1048576K
Event: 16.794 GC heap after
Heap after GC invocations=11 (full 1):
 PSYoungGen      total 143360K, used 12873K [0x00000000f5580000, 0x0000000100000000, 0x0000000100000000)
  eden space 124416K, 0% used [0x00000000f5580000,0x00000000f5580000,0x00000000fcf00000)
  from space 18944K, 67% used [0x00000000fed80000,0x00000000ffa127f0,0x0000000100000000)
  to   space 25088K, 0% used [0x00000000fcf00000,0x00000000fcf00000,0x00000000fe780000)
 ParOldGen       total 54784K, used 47259K [0x00000000e0000000, 0x00000000e3580000, 0x00000000f5580000)
  object space 54784K, 86% used [0x00000000e0000000,0x00000000e2e26d30,0x00000000e3580000)
 Metaspace       used 33119K, capacity 34314K, committed 34480K, reserved 1079296K
  class space    used 4417K, capacity 4691K, committed 4784K, reserved 1048576K
}
Event: 16.794 GC heap before
{Heap before GC invocations=12 (full 2):
 PSYoungGen      total 143360K, used 12873K [0x00000000f5580000, 0x0000000100000000, 0x0000000100000000)
  eden space 124416K, 0% used [0x00000000f5580000,0x00000000f5580000,0x00000000fcf00000)
  from space 18944K, 67% used [0x00000000fed80000,0x00000000ffa127f0,0x0000000100000000)
  to   space 25088K, 0% used [0x00000000fcf00000,0x00000000fcf00000,0x00000000fe780000)
 ParOldGen       total 54784K, used 47259K [0x00000000e0000000, 0x00000000e3580000, 0x00000000f5580000)
  object space 54784K, 86% used [0x00000000e0000000,0x00000000e2e26d30,0x00000000e3580000)
 Metaspace       used 33119K, capacity 34314K, committed 34480K, reserved 1079296K
  class space    used 4417K, capacity 4691K, committed 4784K, reserved 1048576K
Event: 16.853 GC heap after
Heap after GC invocations=12 (full 2):
 PSYoungGen      total 143360K, used 0K [0x00000000f5580000, 0x0000000100000000, 0x0000000100000000)
  eden space 124416K, 0% used [0x00000000f5580000,0x00000000f5580000,0x00000000fcf00000)
  from space 18944K, 0% used [0x00000000fed80000,0x00000000fed80000,0x0000000100000000)
  to   space 25088K, 0% used [0x00000000fcf00000,0x00000000fcf00000,0x00000000fe780000)
 ParOldGen       total 91136K, used 23052K [0x00000000e0000000, 0x00000000e5900000, 0x00000000f5580000)
  object space 91136K, 25% used [0x00000000e0000000,0x00000000e1683160,0x00000000e5900000)
 Metaspace       used 33119K, capacity 34314K, committed 34480K, reserved 1079296K
  class space    used 4417K, capacity 4691K, committed 4784K, reserved 1048576K
}

